<?xml version="1.0" encoding="UTF-8"?>
<testng-results ignored="0" total="168" passed="165" failed="3" skipped="0">
  <reporter-output>
  </reporter-output>
  <suite started-at="2023-07-06T23:48:49 EDT" name="Default suite" finished-at="2023-07-07T00:04:38 EDT" duration-ms="948523">
    <groups>
      <group name="cucumber">
        <method signature="AbstractTestNGCucumberTests.runScenario(io.cucumber.testng.PickleWrapper,io.cucumber.testng.FeatureWrapper)[pri:0, instance:dsAlgo_TestRunner.TestRunner@335b5620]" name="runScenario" class="io.cucumber.testng.AbstractTestNGCucumberTests"/>
      </group> <!-- cucumber -->
    </groups>
    <test started-at="2023-07-06T23:48:49 EDT" name="Default test" finished-at="2023-07-07T00:04:38 EDT" duration-ms="948523">
      <class name="dsAlgo_TestRunner.TestRunner">
        <test-method is-config="true" signature="setUpClass(org.testng.ITestContext)[pri:0, instance:dsAlgo_TestRunner.TestRunner@335b5620]" started-at="2023-07-06T23:48:49 EDT" name="setUpClass" finished-at="2023-07-06T23:49:08 EDT" duration-ms="18469" status="PASS">
          <params>
            <param index="0">
              <value>
                <![CDATA[org.testng.TestRunner@4e628792]]>
              </value>
            </param>
          </params>
          <reporter-output>
          </reporter-output>
        </test-method> <!-- setUpClass -->
        <test-method signature="runScenario(io.cucumber.testng.PickleWrapper,io.cucumber.testng.FeatureWrapper)[pri:0, instance:dsAlgo_TestRunner.TestRunner@335b5620]" started-at="2023-07-06T23:49:08 EDT" name="runScenario" description="Runs Cucumber Scenarios" data-provider="scenarios" finished-at="2023-07-06T23:49:10 EDT" duration-ms="2189" status="PASS">
          <params>
            <param index="0">
              <value>
                <![CDATA["User is on Home Page and clicks on any dropdown "<value>" without sign in"]]>
              </value>
            </param>
            <param index="1">
              <value>
                <![CDATA["Launch Browser and Test Home Page"]]>
              </value>
            </param>
          </params>
          <reporter-output>
          </reporter-output>
        </test-method> <!-- runScenario -->
        <test-method signature="runScenario(io.cucumber.testng.PickleWrapper,io.cucumber.testng.FeatureWrapper)[pri:0, instance:dsAlgo_TestRunner.TestRunner@335b5620]" started-at="2023-07-06T23:49:10 EDT" name="runScenario" description="Runs Cucumber Scenarios" data-provider="scenarios" finished-at="2023-07-06T23:49:11 EDT" duration-ms="1235" status="PASS">
          <params>
            <param index="0">
              <value>
                <![CDATA["User is on Home Page and clicks on any dropdown "<value>" without sign in"]]>
              </value>
            </param>
            <param index="1">
              <value>
                <![CDATA["Launch Browser and Test Home Page"]]>
              </value>
            </param>
          </params>
          <reporter-output>
          </reporter-output>
        </test-method> <!-- runScenario -->
        <test-method signature="runScenario(io.cucumber.testng.PickleWrapper,io.cucumber.testng.FeatureWrapper)[pri:0, instance:dsAlgo_TestRunner.TestRunner@335b5620]" started-at="2023-07-06T23:49:11 EDT" name="runScenario" description="Runs Cucumber Scenarios" data-provider="scenarios" finished-at="2023-07-06T23:49:12 EDT" duration-ms="1172" status="PASS">
          <params>
            <param index="0">
              <value>
                <![CDATA["User is on Home Page and clicks on any dropdown "<value>" without sign in"]]>
              </value>
            </param>
            <param index="1">
              <value>
                <![CDATA["Launch Browser and Test Home Page"]]>
              </value>
            </param>
          </params>
          <reporter-output>
          </reporter-output>
        </test-method> <!-- runScenario -->
        <test-method signature="runScenario(io.cucumber.testng.PickleWrapper,io.cucumber.testng.FeatureWrapper)[pri:0, instance:dsAlgo_TestRunner.TestRunner@335b5620]" started-at="2023-07-06T23:49:12 EDT" name="runScenario" description="Runs Cucumber Scenarios" data-provider="scenarios" finished-at="2023-07-06T23:49:14 EDT" duration-ms="1160" status="PASS">
          <params>
            <param index="0">
              <value>
                <![CDATA["User is on Home Page and clicks on any dropdown "<value>" without sign in"]]>
              </value>
            </param>
            <param index="1">
              <value>
                <![CDATA["Launch Browser and Test Home Page"]]>
              </value>
            </param>
          </params>
          <reporter-output>
          </reporter-output>
        </test-method> <!-- runScenario -->
        <test-method signature="runScenario(io.cucumber.testng.PickleWrapper,io.cucumber.testng.FeatureWrapper)[pri:0, instance:dsAlgo_TestRunner.TestRunner@335b5620]" started-at="2023-07-06T23:49:14 EDT" name="runScenario" description="Runs Cucumber Scenarios" data-provider="scenarios" finished-at="2023-07-06T23:49:15 EDT" duration-ms="1059" status="PASS">
          <params>
            <param index="0">
              <value>
                <![CDATA["User is on Home Page and clicks on any dropdown "<value>" without sign in"]]>
              </value>
            </param>
            <param index="1">
              <value>
                <![CDATA["Launch Browser and Test Home Page"]]>
              </value>
            </param>
          </params>
          <reporter-output>
          </reporter-output>
        </test-method> <!-- runScenario -->
        <test-method signature="runScenario(io.cucumber.testng.PickleWrapper,io.cucumber.testng.FeatureWrapper)[pri:0, instance:dsAlgo_TestRunner.TestRunner@335b5620]" started-at="2023-07-06T23:49:15 EDT" name="runScenario" description="Runs Cucumber Scenarios" data-provider="scenarios" finished-at="2023-07-06T23:49:16 EDT" duration-ms="1089" status="PASS">
          <params>
            <param index="0">
              <value>
                <![CDATA["User is on Home Page and clicks on any dropdown "<value>" without sign in"]]>
              </value>
            </param>
            <param index="1">
              <value>
                <![CDATA["Launch Browser and Test Home Page"]]>
              </value>
            </param>
          </params>
          <reporter-output>
          </reporter-output>
        </test-method> <!-- runScenario -->
        <test-method signature="runScenario(io.cucumber.testng.PickleWrapper,io.cucumber.testng.FeatureWrapper)[pri:0, instance:dsAlgo_TestRunner.TestRunner@335b5620]" started-at="2023-07-06T23:49:16 EDT" name="runScenario" description="Runs Cucumber Scenarios" data-provider="scenarios" finished-at="2023-07-06T23:49:17 EDT" duration-ms="868" status="PASS">
          <params>
            <param index="0">
              <value>
                <![CDATA["User is on Home Page and clicks on any getStarted link "Data Structures-Introduction" without sign in"]]>
              </value>
            </param>
            <param index="1">
              <value>
                <![CDATA["Launch Browser and Test Home Page"]]>
              </value>
            </param>
          </params>
          <reporter-output>
          </reporter-output>
        </test-method> <!-- runScenario -->
        <test-method signature="runScenario(io.cucumber.testng.PickleWrapper,io.cucumber.testng.FeatureWrapper)[pri:0, instance:dsAlgo_TestRunner.TestRunner@335b5620]" started-at="2023-07-06T23:49:17 EDT" name="runScenario" description="Runs Cucumber Scenarios" data-provider="scenarios" finished-at="2023-07-06T23:49:17 EDT" duration-ms="729" status="PASS">
          <params>
            <param index="0">
              <value>
                <![CDATA["User is on Home Page and clicks on any getStarted link "Arrays" without sign in"]]>
              </value>
            </param>
            <param index="1">
              <value>
                <![CDATA["Launch Browser and Test Home Page"]]>
              </value>
            </param>
          </params>
          <reporter-output>
          </reporter-output>
        </test-method> <!-- runScenario -->
        <test-method signature="runScenario(io.cucumber.testng.PickleWrapper,io.cucumber.testng.FeatureWrapper)[pri:0, instance:dsAlgo_TestRunner.TestRunner@335b5620]" started-at="2023-07-06T23:49:17 EDT" name="runScenario" description="Runs Cucumber Scenarios" data-provider="scenarios" finished-at="2023-07-06T23:49:18 EDT" duration-ms="677" status="PASS">
          <params>
            <param index="0">
              <value>
                <![CDATA["User is on Home Page and clicks on any getStarted link "Linked List" without sign in"]]>
              </value>
            </param>
            <param index="1">
              <value>
                <![CDATA["Launch Browser and Test Home Page"]]>
              </value>
            </param>
          </params>
          <reporter-output>
          </reporter-output>
        </test-method> <!-- runScenario -->
        <test-method signature="runScenario(io.cucumber.testng.PickleWrapper,io.cucumber.testng.FeatureWrapper)[pri:0, instance:dsAlgo_TestRunner.TestRunner@335b5620]" started-at="2023-07-06T23:49:18 EDT" name="runScenario" description="Runs Cucumber Scenarios" data-provider="scenarios" finished-at="2023-07-06T23:49:19 EDT" duration-ms="806" status="PASS">
          <params>
            <param index="0">
              <value>
                <![CDATA["User is on Home Page and clicks on any getStarted link "Stack" without sign in"]]>
              </value>
            </param>
            <param index="1">
              <value>
                <![CDATA["Launch Browser and Test Home Page"]]>
              </value>
            </param>
          </params>
          <reporter-output>
          </reporter-output>
        </test-method> <!-- runScenario -->
        <test-method signature="runScenario(io.cucumber.testng.PickleWrapper,io.cucumber.testng.FeatureWrapper)[pri:0, instance:dsAlgo_TestRunner.TestRunner@335b5620]" started-at="2023-07-06T23:49:19 EDT" name="runScenario" description="Runs Cucumber Scenarios" data-provider="scenarios" finished-at="2023-07-06T23:49:20 EDT" duration-ms="945" status="PASS">
          <params>
            <param index="0">
              <value>
                <![CDATA["User is on Home Page and clicks on any getStarted link "Queue" without sign in"]]>
              </value>
            </param>
            <param index="1">
              <value>
                <![CDATA["Launch Browser and Test Home Page"]]>
              </value>
            </param>
          </params>
          <reporter-output>
          </reporter-output>
        </test-method> <!-- runScenario -->
        <test-method signature="runScenario(io.cucumber.testng.PickleWrapper,io.cucumber.testng.FeatureWrapper)[pri:0, instance:dsAlgo_TestRunner.TestRunner@335b5620]" started-at="2023-07-06T23:49:20 EDT" name="runScenario" description="Runs Cucumber Scenarios" data-provider="scenarios" finished-at="2023-07-06T23:49:21 EDT" duration-ms="802" status="PASS">
          <params>
            <param index="0">
              <value>
                <![CDATA["User is on Home Page and clicks on any getStarted link "Tree" without sign in"]]>
              </value>
            </param>
            <param index="1">
              <value>
                <![CDATA["Launch Browser and Test Home Page"]]>
              </value>
            </param>
          </params>
          <reporter-output>
          </reporter-output>
        </test-method> <!-- runScenario -->
        <test-method signature="runScenario(io.cucumber.testng.PickleWrapper,io.cucumber.testng.FeatureWrapper)[pri:0, instance:dsAlgo_TestRunner.TestRunner@335b5620]" started-at="2023-07-06T23:49:21 EDT" name="runScenario" description="Runs Cucumber Scenarios" data-provider="scenarios" finished-at="2023-07-06T23:49:21 EDT" duration-ms="671" status="PASS">
          <params>
            <param index="0">
              <value>
                <![CDATA["User is on Home Page and clicks on any getStarted link "Graph" without sign in"]]>
              </value>
            </param>
            <param index="1">
              <value>
                <![CDATA["Launch Browser and Test Home Page"]]>
              </value>
            </param>
          </params>
          <reporter-output>
          </reporter-output>
        </test-method> <!-- runScenario -->
        <test-method signature="runScenario(io.cucumber.testng.PickleWrapper,io.cucumber.testng.FeatureWrapper)[pri:0, instance:dsAlgo_TestRunner.TestRunner@335b5620]" started-at="2023-07-06T23:49:21 EDT" name="runScenario" description="Runs Cucumber Scenarios" data-provider="scenarios" finished-at="2023-07-06T23:49:22 EDT" duration-ms="620" status="PASS">
          <params>
            <param index="0">
              <value>
                <![CDATA["User is on Home page and Clicks on Signin"]]>
              </value>
            </param>
            <param index="1">
              <value>
                <![CDATA["Launch Browser and Test Home Page"]]>
              </value>
            </param>
          </params>
          <reporter-output>
          </reporter-output>
        </test-method> <!-- runScenario -->
        <test-method signature="runScenario(io.cucumber.testng.PickleWrapper,io.cucumber.testng.FeatureWrapper)[pri:0, instance:dsAlgo_TestRunner.TestRunner@335b5620]" started-at="2023-07-06T23:49:22 EDT" name="runScenario" description="Runs Cucumber Scenarios" data-provider="scenarios" finished-at="2023-07-06T23:49:23 EDT" duration-ms="645" status="PASS">
          <params>
            <param index="0">
              <value>
                <![CDATA["User is on Home page and Clicks on Register"]]>
              </value>
            </param>
            <param index="1">
              <value>
                <![CDATA["Launch Browser and Test Home Page"]]>
              </value>
            </param>
          </params>
          <reporter-output>
          </reporter-output>
        </test-method> <!-- runScenario -->
        <test-method signature="runScenario(io.cucumber.testng.PickleWrapper,io.cucumber.testng.FeatureWrapper)[pri:0, instance:dsAlgo_TestRunner.TestRunner@335b5620]" started-at="2023-07-06T23:49:23 EDT" name="runScenario" description="Runs Cucumber Scenarios" data-provider="scenarios" finished-at="2023-07-06T23:49:23 EDT" duration-ms="345" status="PASS">
          <params>
            <param index="0">
              <value>
                <![CDATA["User is on Home Page and clicks on any getStarted link "Data Structures-Introduction" with sign in"]]>
              </value>
            </param>
            <param index="1">
              <value>
                <![CDATA["Launch Browser and Test Home Page"]]>
              </value>
            </param>
          </params>
          <reporter-output>
          </reporter-output>
        </test-method> <!-- runScenario -->
        <test-method signature="runScenario(io.cucumber.testng.PickleWrapper,io.cucumber.testng.FeatureWrapper)[pri:0, instance:dsAlgo_TestRunner.TestRunner@335b5620]" started-at="2023-07-06T23:49:23 EDT" name="runScenario" description="Runs Cucumber Scenarios" data-provider="scenarios" finished-at="2023-07-06T23:49:23 EDT" duration-ms="316" status="PASS">
          <params>
            <param index="0">
              <value>
                <![CDATA["User is on Home Page and clicks on any getStarted link "Arrays" with sign in"]]>
              </value>
            </param>
            <param index="1">
              <value>
                <![CDATA["Launch Browser and Test Home Page"]]>
              </value>
            </param>
          </params>
          <reporter-output>
          </reporter-output>
        </test-method> <!-- runScenario -->
        <test-method signature="runScenario(io.cucumber.testng.PickleWrapper,io.cucumber.testng.FeatureWrapper)[pri:0, instance:dsAlgo_TestRunner.TestRunner@335b5620]" started-at="2023-07-06T23:49:23 EDT" name="runScenario" description="Runs Cucumber Scenarios" data-provider="scenarios" finished-at="2023-07-06T23:49:24 EDT" duration-ms="249" status="PASS">
          <params>
            <param index="0">
              <value>
                <![CDATA["User is on Home Page and clicks on any getStarted link "Linked List" with sign in"]]>
              </value>
            </param>
            <param index="1">
              <value>
                <![CDATA["Launch Browser and Test Home Page"]]>
              </value>
            </param>
          </params>
          <reporter-output>
          </reporter-output>
        </test-method> <!-- runScenario -->
        <test-method signature="runScenario(io.cucumber.testng.PickleWrapper,io.cucumber.testng.FeatureWrapper)[pri:0, instance:dsAlgo_TestRunner.TestRunner@335b5620]" started-at="2023-07-06T23:49:24 EDT" name="runScenario" description="Runs Cucumber Scenarios" data-provider="scenarios" finished-at="2023-07-06T23:49:24 EDT" duration-ms="286" status="PASS">
          <params>
            <param index="0">
              <value>
                <![CDATA["User is on Home Page and clicks on any getStarted link "Stack" with sign in"]]>
              </value>
            </param>
            <param index="1">
              <value>
                <![CDATA["Launch Browser and Test Home Page"]]>
              </value>
            </param>
          </params>
          <reporter-output>
          </reporter-output>
        </test-method> <!-- runScenario -->
        <test-method signature="runScenario(io.cucumber.testng.PickleWrapper,io.cucumber.testng.FeatureWrapper)[pri:0, instance:dsAlgo_TestRunner.TestRunner@335b5620]" started-at="2023-07-06T23:49:24 EDT" name="runScenario" description="Runs Cucumber Scenarios" data-provider="scenarios" finished-at="2023-07-06T23:49:24 EDT" duration-ms="258" status="PASS">
          <params>
            <param index="0">
              <value>
                <![CDATA["User is on Home Page and clicks on any getStarted link "Queue" with sign in"]]>
              </value>
            </param>
            <param index="1">
              <value>
                <![CDATA["Launch Browser and Test Home Page"]]>
              </value>
            </param>
          </params>
          <reporter-output>
          </reporter-output>
        </test-method> <!-- runScenario -->
        <test-method signature="runScenario(io.cucumber.testng.PickleWrapper,io.cucumber.testng.FeatureWrapper)[pri:0, instance:dsAlgo_TestRunner.TestRunner@335b5620]" started-at="2023-07-06T23:49:24 EDT" name="runScenario" description="Runs Cucumber Scenarios" data-provider="scenarios" finished-at="2023-07-06T23:49:24 EDT" duration-ms="271" status="PASS">
          <params>
            <param index="0">
              <value>
                <![CDATA["User is on Home Page and clicks on any getStarted link "Tree" with sign in"]]>
              </value>
            </param>
            <param index="1">
              <value>
                <![CDATA["Launch Browser and Test Home Page"]]>
              </value>
            </param>
          </params>
          <reporter-output>
          </reporter-output>
        </test-method> <!-- runScenario -->
        <test-method signature="runScenario(io.cucumber.testng.PickleWrapper,io.cucumber.testng.FeatureWrapper)[pri:0, instance:dsAlgo_TestRunner.TestRunner@335b5620]" started-at="2023-07-06T23:49:24 EDT" name="runScenario" description="Runs Cucumber Scenarios" data-provider="scenarios" finished-at="2023-07-06T23:49:25 EDT" duration-ms="275" status="PASS">
          <params>
            <param index="0">
              <value>
                <![CDATA["User is on Home Page and clicks on any getStarted link "Graph" with sign in"]]>
              </value>
            </param>
            <param index="1">
              <value>
                <![CDATA["Launch Browser and Test Home Page"]]>
              </value>
            </param>
          </params>
          <reporter-output>
          </reporter-output>
        </test-method> <!-- runScenario -->
        <test-method signature="runScenario(io.cucumber.testng.PickleWrapper,io.cucumber.testng.FeatureWrapper)[pri:0, instance:dsAlgo_TestRunner.TestRunner@335b5620]" started-at="2023-07-06T23:49:25 EDT" name="runScenario" description="Runs Cucumber Scenarios" data-provider="scenarios" finished-at="2023-07-06T23:49:26 EDT" duration-ms="1012" status="PASS">
          <params>
            <param index="0">
              <value>
                <![CDATA["To verify Register Form with Empty fields"]]>
              </value>
            </param>
            <param index="1">
              <value>
                <![CDATA["Registration verification and validation"]]>
              </value>
            </param>
          </params>
          <reporter-output>
          </reporter-output>
        </test-method> <!-- runScenario -->
        <test-method signature="runScenario(io.cucumber.testng.PickleWrapper,io.cucumber.testng.FeatureWrapper)[pri:0, instance:dsAlgo_TestRunner.TestRunner@335b5620]" started-at="2023-07-06T23:49:26 EDT" name="runScenario" description="Runs Cucumber Scenarios" data-provider="scenarios" finished-at="2023-07-06T23:49:27 EDT" duration-ms="876" status="PASS">
          <params>
            <param index="0">
              <value>
                <![CDATA["The user is presented with error message for empty fields below password textbox"]]>
              </value>
            </param>
            <param index="1">
              <value>
                <![CDATA["Registration verification and validation"]]>
              </value>
            </param>
          </params>
          <reporter-output>
          </reporter-output>
        </test-method> <!-- runScenario -->
        <test-method signature="runScenario(io.cucumber.testng.PickleWrapper,io.cucumber.testng.FeatureWrapper)[pri:0, instance:dsAlgo_TestRunner.TestRunner@335b5620]" started-at="2023-07-06T23:49:27 EDT" name="runScenario" description="Runs Cucumber Scenarios" data-provider="scenarios" finished-at="2023-07-06T23:49:28 EDT" duration-ms="1120" status="PASS">
          <params>
            <param index="0">
              <value>
                <![CDATA["The user is presented with error message for empty fields below username textbox"]]>
              </value>
            </param>
            <param index="1">
              <value>
                <![CDATA["Registration verification and validation"]]>
              </value>
            </param>
          </params>
          <reporter-output>
          </reporter-output>
        </test-method> <!-- runScenario -->
        <test-method signature="runScenario(io.cucumber.testng.PickleWrapper,io.cucumber.testng.FeatureWrapper)[pri:0, instance:dsAlgo_TestRunner.TestRunner@335b5620]" started-at="2023-07-06T23:49:28 EDT" name="runScenario" description="Runs Cucumber Scenarios" data-provider="scenarios" finished-at="2023-07-06T23:49:29 EDT" duration-ms="713" status="PASS">
          <params>
            <param index="0">
              <value>
                <![CDATA["The user is presented with error message for empty fields above Password Confirmation textbox"]]>
              </value>
            </param>
            <param index="1">
              <value>
                <![CDATA["Registration verification and validation"]]>
              </value>
            </param>
          </params>
          <reporter-output>
          </reporter-output>
        </test-method> <!-- runScenario -->
        <test-method signature="runScenario(io.cucumber.testng.PickleWrapper,io.cucumber.testng.FeatureWrapper)[pri:0, instance:dsAlgo_TestRunner.TestRunner@335b5620]" started-at="2023-07-06T23:49:29 EDT" name="runScenario" description="Runs Cucumber Scenarios" data-provider="scenarios" finished-at="2023-07-06T23:49:30 EDT" duration-ms="1133" status="PASS">
          <params>
            <param index="0">
              <value>
                <![CDATA["To verify Register Form with username and password only"]]>
              </value>
            </param>
            <param index="1">
              <value>
                <![CDATA["Registration verification and validation"]]>
              </value>
            </param>
          </params>
          <reporter-output>
          </reporter-output>
        </test-method> <!-- runScenario -->
        <test-method signature="runScenario(io.cucumber.testng.PickleWrapper,io.cucumber.testng.FeatureWrapper)[pri:0, instance:dsAlgo_TestRunner.TestRunner@335b5620]" started-at="2023-07-06T23:49:30 EDT" name="runScenario" description="Runs Cucumber Scenarios" data-provider="scenarios" finished-at="2023-07-06T23:49:31 EDT" duration-ms="1299" status="PASS">
          <params>
            <param index="0">
              <value>
                <![CDATA["To verify Register Form with invalid Credentials"]]>
              </value>
            </param>
            <param index="1">
              <value>
                <![CDATA["Registration verification and validation"]]>
              </value>
            </param>
          </params>
          <reporter-output>
          </reporter-output>
        </test-method> <!-- runScenario -->
        <test-method signature="runScenario(io.cucumber.testng.PickleWrapper,io.cucumber.testng.FeatureWrapper)[pri:0, instance:dsAlgo_TestRunner.TestRunner@335b5620]" started-at="2023-07-06T23:49:31 EDT" name="runScenario" description="Runs Cucumber Scenarios" data-provider="scenarios" finished-at="2023-07-06T23:49:32 EDT" duration-ms="837" status="PASS">
          <params>
            <param index="0">
              <value>
                <![CDATA["To verify Register Form with invalid Credentials"]]>
              </value>
            </param>
            <param index="1">
              <value>
                <![CDATA["Registration verification and validation"]]>
              </value>
            </param>
          </params>
          <reporter-output>
          </reporter-output>
        </test-method> <!-- runScenario -->
        <test-method signature="runScenario(io.cucumber.testng.PickleWrapper,io.cucumber.testng.FeatureWrapper)[pri:0, instance:dsAlgo_TestRunner.TestRunner@335b5620]" started-at="2023-07-06T23:49:32 EDT" name="runScenario" description="Runs Cucumber Scenarios" data-provider="scenarios" finished-at="2023-07-06T23:49:33 EDT" duration-ms="1195" status="PASS">
          <params>
            <param index="0">
              <value>
                <![CDATA["To verify Register Form with invalid Credentials"]]>
              </value>
            </param>
            <param index="1">
              <value>
                <![CDATA["Registration verification and validation"]]>
              </value>
            </param>
          </params>
          <reporter-output>
          </reporter-output>
        </test-method> <!-- runScenario -->
        <test-method signature="runScenario(io.cucumber.testng.PickleWrapper,io.cucumber.testng.FeatureWrapper)[pri:0, instance:dsAlgo_TestRunner.TestRunner@335b5620]" started-at="2023-07-06T23:49:33 EDT" name="runScenario" description="Runs Cucumber Scenarios" data-provider="scenarios" finished-at="2023-07-06T23:49:34 EDT" duration-ms="1171" status="PASS">
          <params>
            <param index="0">
              <value>
                <![CDATA["To verify Register Form with invalid Credentials"]]>
              </value>
            </param>
            <param index="1">
              <value>
                <![CDATA["Registration verification and validation"]]>
              </value>
            </param>
          </params>
          <reporter-output>
          </reporter-output>
        </test-method> <!-- runScenario -->
        <test-method signature="runScenario(io.cucumber.testng.PickleWrapper,io.cucumber.testng.FeatureWrapper)[pri:0, instance:dsAlgo_TestRunner.TestRunner@335b5620]" started-at="2023-07-06T23:49:34 EDT" name="runScenario" description="Runs Cucumber Scenarios" data-provider="scenarios" finished-at="2023-07-06T23:49:35 EDT" duration-ms="941" status="PASS">
          <params>
            <param index="0">
              <value>
                <![CDATA["To verify Register Form with invalid Credentials"]]>
              </value>
            </param>
            <param index="1">
              <value>
                <![CDATA["Registration verification and validation"]]>
              </value>
            </param>
          </params>
          <reporter-output>
          </reporter-output>
        </test-method> <!-- runScenario -->
        <test-method signature="runScenario(io.cucumber.testng.PickleWrapper,io.cucumber.testng.FeatureWrapper)[pri:0, instance:dsAlgo_TestRunner.TestRunner@335b5620]" started-at="2023-07-06T23:49:35 EDT" name="runScenario" description="Runs Cucumber Scenarios" data-provider="scenarios" finished-at="2023-07-06T23:49:36 EDT" duration-ms="973" status="PASS">
          <params>
            <param index="0">
              <value>
                <![CDATA["To verify Register Form with invalid Credentials"]]>
              </value>
            </param>
            <param index="1">
              <value>
                <![CDATA["Registration verification and validation"]]>
              </value>
            </param>
          </params>
          <reporter-output>
          </reporter-output>
        </test-method> <!-- runScenario -->
        <test-method signature="runScenario(io.cucumber.testng.PickleWrapper,io.cucumber.testng.FeatureWrapper)[pri:0, instance:dsAlgo_TestRunner.TestRunner@335b5620]" started-at="2023-07-06T23:49:36 EDT" name="runScenario" description="Runs Cucumber Scenarios" data-provider="scenarios" finished-at="2023-07-06T23:49:37 EDT" duration-ms="1184" status="PASS">
          <params>
            <param index="0">
              <value>
                <![CDATA["To verify Register Form with invalid Credentials"]]>
              </value>
            </param>
            <param index="1">
              <value>
                <![CDATA["Registration verification and validation"]]>
              </value>
            </param>
          </params>
          <reporter-output>
          </reporter-output>
        </test-method> <!-- runScenario -->
        <test-method signature="runScenario(io.cucumber.testng.PickleWrapper,io.cucumber.testng.FeatureWrapper)[pri:0, instance:dsAlgo_TestRunner.TestRunner@335b5620]" started-at="2023-07-06T23:49:37 EDT" name="runScenario" description="Runs Cucumber Scenarios" data-provider="scenarios" finished-at="2023-07-06T23:49:43 EDT" duration-ms="5636" status="PASS">
          <params>
            <param index="0">
              <value>
                <![CDATA["to register with all the data"]]>
              </value>
            </param>
            <param index="1">
              <value>
                <![CDATA["Registration verification and validation"]]>
              </value>
            </param>
          </params>
          <reporter-output>
          </reporter-output>
        </test-method> <!-- runScenario -->
        <test-method signature="runScenario(io.cucumber.testng.PickleWrapper,io.cucumber.testng.FeatureWrapper)[pri:0, instance:dsAlgo_TestRunner.TestRunner@335b5620]" started-at="2023-07-06T23:49:43 EDT" name="runScenario" description="Runs Cucumber Scenarios" data-provider="scenarios" finished-at="2023-07-06T23:49:44 EDT" duration-ms="611" status="PASS">
          <params>
            <param index="0">
              <value>
                <![CDATA["User is on Home page and Clicks on Signins"]]>
              </value>
            </param>
            <param index="1">
              <value>
                <![CDATA["Login Action"]]>
              </value>
            </param>
          </params>
          <reporter-output>
          </reporter-output>
        </test-method> <!-- runScenario -->
        <test-method signature="runScenario(io.cucumber.testng.PickleWrapper,io.cucumber.testng.FeatureWrapper)[pri:0, instance:dsAlgo_TestRunner.TestRunner@335b5620]" started-at="2023-07-06T23:49:44 EDT" name="runScenario" description="Runs Cucumber Scenarios" data-provider="scenarios" finished-at="2023-07-06T23:49:45 EDT" duration-ms="989" status="PASS">
          <params>
            <param index="0">
              <value>
                <![CDATA["To verify SignIn with Empty fields"]]>
              </value>
            </param>
            <param index="1">
              <value>
                <![CDATA["Login Action"]]>
              </value>
            </param>
          </params>
          <reporter-output>
          </reporter-output>
        </test-method> <!-- runScenario -->
        <test-method signature="runScenario(io.cucumber.testng.PickleWrapper,io.cucumber.testng.FeatureWrapper)[pri:0, instance:dsAlgo_TestRunner.TestRunner@335b5620]" started-at="2023-07-06T23:49:45 EDT" name="runScenario" description="Runs Cucumber Scenarios" data-provider="scenarios" finished-at="2023-07-06T23:49:46 EDT" duration-ms="1767" status="PASS">
          <params>
            <param index="0">
              <value>
                <![CDATA["To verify SignIn with invalid "abcdefgh" and "zxyu1234 and gets the result "Invalid Username and Password""]]>
              </value>
            </param>
            <param index="1">
              <value>
                <![CDATA["Login Action"]]>
              </value>
            </param>
          </params>
          <reporter-output>
          </reporter-output>
        </test-method> <!-- runScenario -->
        <test-method signature="runScenario(io.cucumber.testng.PickleWrapper,io.cucumber.testng.FeatureWrapper)[pri:0, instance:dsAlgo_TestRunner.TestRunner@335b5620]" started-at="2023-07-06T23:49:46 EDT" name="runScenario" description="Runs Cucumber Scenarios" data-provider="scenarios" finished-at="2023-07-06T23:49:48 EDT" duration-ms="1554" status="PASS">
          <params>
            <param index="0">
              <value>
                <![CDATA["To verify SignIn with invalid "asdfger" and "@@@@ and gets the result "Invalid Username and Password""]]>
              </value>
            </param>
            <param index="1">
              <value>
                <![CDATA["Login Action"]]>
              </value>
            </param>
          </params>
          <reporter-output>
          </reporter-output>
        </test-method> <!-- runScenario -->
        <test-method signature="runScenario(io.cucumber.testng.PickleWrapper,io.cucumber.testng.FeatureWrapper)[pri:0, instance:dsAlgo_TestRunner.TestRunner@335b5620]" started-at="2023-07-06T23:49:48 EDT" name="runScenario" description="Runs Cucumber Scenarios" data-provider="scenarios" finished-at="2023-07-06T23:49:49 EDT" duration-ms="1452" status="PASS">
          <params>
            <param index="0">
              <value>
                <![CDATA["To verify SignIn with invalid "ER@$" and "sdkfsk12 and gets the result "Invalid Username and Password""]]>
              </value>
            </param>
            <param index="1">
              <value>
                <![CDATA["Login Action"]]>
              </value>
            </param>
          </params>
          <reporter-output>
          </reporter-output>
        </test-method> <!-- runScenario -->
        <test-method signature="runScenario(io.cucumber.testng.PickleWrapper,io.cucumber.testng.FeatureWrapper)[pri:0, instance:dsAlgo_TestRunner.TestRunner@335b5620]" started-at="2023-07-06T23:49:49 EDT" name="runScenario" description="Runs Cucumber Scenarios" data-provider="scenarios" finished-at="2023-07-06T23:49:51 EDT" duration-ms="1219" status="PASS">
          <params>
            <param index="0">
              <value>
                <![CDATA["To verify SignIn with username only"]]>
              </value>
            </param>
            <param index="1">
              <value>
                <![CDATA["Login Action"]]>
              </value>
            </param>
          </params>
          <reporter-output>
          </reporter-output>
        </test-method> <!-- runScenario -->
        <test-method signature="runScenario(io.cucumber.testng.PickleWrapper,io.cucumber.testng.FeatureWrapper)[pri:0, instance:dsAlgo_TestRunner.TestRunner@335b5620]" started-at="2023-07-06T23:49:51 EDT" name="runScenario" description="Runs Cucumber Scenarios" data-provider="scenarios" finished-at="2023-07-06T23:49:52 EDT" duration-ms="1415" status="PASS">
          <params>
            <param index="0">
              <value>
                <![CDATA["To verify SignIn with password only"]]>
              </value>
            </param>
            <param index="1">
              <value>
                <![CDATA["Login Action"]]>
              </value>
            </param>
          </params>
          <reporter-output>
          </reporter-output>
        </test-method> <!-- runScenario -->
        <test-method signature="runScenario(io.cucumber.testng.PickleWrapper,io.cucumber.testng.FeatureWrapper)[pri:0, instance:dsAlgo_TestRunner.TestRunner@335b5620]" started-at="2023-07-06T23:49:52 EDT" name="runScenario" description="Runs Cucumber Scenarios" data-provider="scenarios" finished-at="2023-07-06T23:49:54 EDT" duration-ms="1652" status="PASS">
          <params>
            <param index="0">
              <value>
                <![CDATA["User  Login with  valid "sdet" and "sdet1234""]]>
              </value>
            </param>
            <param index="1">
              <value>
                <![CDATA["Login Action"]]>
              </value>
            </param>
          </params>
          <reporter-output>
          </reporter-output>
        </test-method> <!-- runScenario -->
        <test-method signature="runScenario(io.cucumber.testng.PickleWrapper,io.cucumber.testng.FeatureWrapper)[pri:0, instance:dsAlgo_TestRunner.TestRunner@335b5620]" started-at="2023-07-06T23:49:54 EDT" name="runScenario" description="Runs Cucumber Scenarios" data-provider="scenarios" finished-at="2023-07-06T23:49:56 EDT" duration-ms="1835" status="PASS">
          <params>
            <param index="0">
              <value>
                <![CDATA["The user is able to navigate to all options in datastructure page"]]>
              </value>
            </param>
            <param index="1">
              <value>
                <![CDATA["Test DataStructure  page"]]>
              </value>
            </param>
          </params>
          <reporter-output>
          </reporter-output>
        </test-method> <!-- runScenario -->
        <test-method signature="runScenario(io.cucumber.testng.PickleWrapper,io.cucumber.testng.FeatureWrapper)[pri:0, instance:dsAlgo_TestRunner.TestRunner@335b5620]" started-at="2023-07-06T23:49:56 EDT" name="runScenario" description="Runs Cucumber Scenarios" data-provider="scenarios" finished-at="2023-07-06T23:50:19 EDT" duration-ms="22893" status="FAIL">
          <params>
            <param index="0">
              <value>
                <![CDATA["The user is able run code in tryEditor"]]>
              </value>
            </param>
            <param index="1">
              <value>
                <![CDATA["Test DataStructure  page"]]>
              </value>
            </param>
          </params>
          <exception class="org.openqa.selenium.TimeoutException">
            <message>
              <![CDATA[Expected condition failed: waiting for visibility of [[ChromeDriver: chrome on windows (f6134be724576b998ed6d7a0c5723645)] -> xpath: //*[@id='answer_form']/div/div/div[1]/textarea] (tried for 20 second(s) with 500 milliseconds interval)
Build info: version: '4.9.1', revision: 'eb2032df7f'
System info: os.name: 'Windows 11', os.arch: 'amd64', os.version: '10.0', java.version: '17.0.7'
Driver info: org.openqa.selenium.chrome.ChromeDriver
Capabilities {acceptInsecureCerts: false, browserName: chrome, browserVersion: 114.0.5735.199, chrome: {chromedriverVersion: 114.0.5735.90 (386bc09e8f4f..., userDataDir: C:\Users\subas\AppData\Loca...}, goog:chromeOptions: {debuggerAddress: localhost:55744}, networkConnectionEnabled: false, pageLoadStrategy: normal, platformName: windows, proxy: Proxy(), se:cdp: ws://localhost:55744/devtoo..., se:cdpVersion: 114.0.5735.199, setWindowRect: true, strictFileInteractability: false, timeouts: {implicit: 0, pageLoad: 300000, script: 30000}, unhandledPromptBehavior: dismiss and notify, webauthn:extension:credBlob: true, webauthn:extension:largeBlob: true, webauthn:extension:minPinLength: true, webauthn:extension:prf: true, webauthn:virtualAuthenticators: true}
Session ID: f6134be724576b998ed6d7a0c5723645]]>
            </message>
            <full-stacktrace>
              <![CDATA[org.openqa.selenium.TimeoutException: Expected condition failed: waiting for visibility of [[ChromeDriver: chrome on windows (f6134be724576b998ed6d7a0c5723645)] -> xpath: //*[@id='answer_form']/div/div/div[1]/textarea] (tried for 20 second(s) with 500 milliseconds interval)
Build info: version: '4.9.1', revision: 'eb2032df7f'
System info: os.name: 'Windows 11', os.arch: 'amd64', os.version: '10.0', java.version: '17.0.7'
Driver info: org.openqa.selenium.chrome.ChromeDriver
Capabilities {acceptInsecureCerts: false, browserName: chrome, browserVersion: 114.0.5735.199, chrome: {chromedriverVersion: 114.0.5735.90 (386bc09e8f4f..., userDataDir: C:\Users\subas\AppData\Loca...}, goog:chromeOptions: {debuggerAddress: localhost:55744}, networkConnectionEnabled: false, pageLoadStrategy: normal, platformName: windows, proxy: Proxy(), se:cdp: ws://localhost:55744/devtoo..., se:cdpVersion: 114.0.5735.199, setWindowRect: true, strictFileInteractability: false, timeouts: {implicit: 0, pageLoad: 300000, script: 30000}, unhandledPromptBehavior: dismiss and notify, webauthn:extension:credBlob: true, webauthn:extension:largeBlob: true, webauthn:extension:minPinLength: true, webauthn:extension:prf: true, webauthn:virtualAuthenticators: true}
Session ID: f6134be724576b998ed6d7a0c5723645
at org.openqa.selenium.support.ui.WebDriverWait.timeoutException(WebDriverWait.java:87)
at org.openqa.selenium.support.ui.FluentWait.until(FluentWait.java:231)
at dsAlgo_Utilities.PageUtils.implicit_wait(PageUtils.java:31)
at dsAlgo_PageObject.EDataStructurePage.enter_code(EDataStructurePage.java:44)
at dsAlgo_StepDefinition.EDataStructurePage_SD.the_user_enter_valid_python_ds_code_in_try_editor_from_sheet_and(EDataStructurePage_SD.java:58)
at ✽.The user enter valid python DS code in tryEditor from sheet "array" and 0(file:///C:/Users/subas/eclipse-workspace23/Z_DS-Algo_BDD_change/src/test/resources/Features/EDataStructurePage.feature:14)
]]>
            </full-stacktrace>
          </exception> <!-- org.openqa.selenium.TimeoutException -->
          <reporter-output>
          </reporter-output>
        </test-method> <!-- runScenario -->
        <test-method signature="runScenario(io.cucumber.testng.PickleWrapper,io.cucumber.testng.FeatureWrapper)[pri:0, instance:dsAlgo_TestRunner.TestRunner@335b5620]" started-at="2023-07-06T23:50:19 EDT" name="runScenario" description="Runs Cucumber Scenarios" data-provider="scenarios" finished-at="2023-07-06T23:50:20 EDT" duration-ms="1541" status="FAIL">
          <params>
            <param index="0">
              <value>
                <![CDATA["The user is able run code in tryEditor"]]>
              </value>
            </param>
            <param index="1">
              <value>
                <![CDATA["Test DataStructure  page"]]>
              </value>
            </param>
          </params>
          <exception class="java.io.FileNotFoundException">
            <message>
              <![CDATA[ConfigReader.programdataExcelpath()]]>
            </message>
            <full-stacktrace>
              <![CDATA[java.io.FileNotFoundException: ConfigReader.programdataExcelpath()
at org.apache.poi.ss.usermodel.WorkbookFactory.create(WorkbookFactory.java:302)
at org.apache.poi.ss.usermodel.WorkbookFactory.create(WorkbookFactory.java:277)
at org.apache.poi.ss.usermodel.WorkbookFactory.create(WorkbookFactory.java:255)
at dsAlgo_Utilities.ExcelReader.getWorkBook(ExcelReader.java:37)
at dsAlgo_Utilities.ExcelReader.getSheetByName(ExcelReader.java:29)
at dsAlgo_Utilities.ExcelReader.getData(ExcelReader.java:20)
at dsAlgo_StepDefinition.EDataStructurePage_SD.the_user_enter_python_ds_code_with_invalid_syntax_in_try_editor_from_sheet_and(EDataStructurePage_SD.java:73)
at ✽.The user enter python DS code with invalid syntax in tryEditor from sheet "array" and 1(file:///C:/Users/subas/eclipse-workspace23/Z_DS-Algo_BDD_change/src/test/resources/Features/EDataStructurePage.feature:24)
]]>
            </full-stacktrace>
          </exception> <!-- java.io.FileNotFoundException -->
          <reporter-output>
          </reporter-output>
        </test-method> <!-- runScenario -->
        <test-method signature="runScenario(io.cucumber.testng.PickleWrapper,io.cucumber.testng.FeatureWrapper)[pri:0, instance:dsAlgo_TestRunner.TestRunner@335b5620]" started-at="2023-07-06T23:50:20 EDT" name="runScenario" description="Runs Cucumber Scenarios" data-provider="scenarios" finished-at="2023-07-06T23:50:22 EDT" duration-ms="1633" status="PASS">
          <params>
            <param index="0">
              <value>
                <![CDATA["The user is able to navigate to all options in array page"]]>
              </value>
            </param>
            <param index="1">
              <value>
                <![CDATA["Test Array page"]]>
              </value>
            </param>
          </params>
          <reporter-output>
          </reporter-output>
        </test-method> <!-- runScenario -->
        <test-method signature="runScenario(io.cucumber.testng.PickleWrapper,io.cucumber.testng.FeatureWrapper)[pri:0, instance:dsAlgo_TestRunner.TestRunner@335b5620]" started-at="2023-07-06T23:50:22 EDT" name="runScenario" description="Runs Cucumber Scenarios" data-provider="scenarios" finished-at="2023-07-06T23:50:23 EDT" duration-ms="1555" status="PASS">
          <params>
            <param index="0">
              <value>
                <![CDATA["The user is able to navigate to all options in array page"]]>
              </value>
            </param>
            <param index="1">
              <value>
                <![CDATA["Test Array page"]]>
              </value>
            </param>
          </params>
          <reporter-output>
          </reporter-output>
        </test-method> <!-- runScenario -->
        <test-method signature="runScenario(io.cucumber.testng.PickleWrapper,io.cucumber.testng.FeatureWrapper)[pri:0, instance:dsAlgo_TestRunner.TestRunner@335b5620]" started-at="2023-07-06T23:50:23 EDT" name="runScenario" description="Runs Cucumber Scenarios" data-provider="scenarios" finished-at="2023-07-06T23:50:25 EDT" duration-ms="1808" status="PASS">
          <params>
            <param index="0">
              <value>
                <![CDATA["The user is able to navigate to all options in array page"]]>
              </value>
            </param>
            <param index="1">
              <value>
                <![CDATA["Test Array page"]]>
              </value>
            </param>
          </params>
          <reporter-output>
          </reporter-output>
        </test-method> <!-- runScenario -->
        <test-method signature="runScenario(io.cucumber.testng.PickleWrapper,io.cucumber.testng.FeatureWrapper)[pri:0, instance:dsAlgo_TestRunner.TestRunner@335b5620]" started-at="2023-07-06T23:50:25 EDT" name="runScenario" description="Runs Cucumber Scenarios" data-provider="scenarios" finished-at="2023-07-06T23:50:27 EDT" duration-ms="1585" status="PASS">
          <params>
            <param index="0">
              <value>
                <![CDATA["The user is able to navigate to all options in array page"]]>
              </value>
            </param>
            <param index="1">
              <value>
                <![CDATA["Test Array page"]]>
              </value>
            </param>
          </params>
          <reporter-output>
          </reporter-output>
        </test-method> <!-- runScenario -->
        <test-method signature="runScenario(io.cucumber.testng.PickleWrapper,io.cucumber.testng.FeatureWrapper)[pri:0, instance:dsAlgo_TestRunner.TestRunner@335b5620]" started-at="2023-07-06T23:50:27 EDT" name="runScenario" description="Runs Cucumber Scenarios" data-provider="scenarios" finished-at="2023-07-06T23:50:28 EDT" duration-ms="1727" status="PASS">
          <params>
            <param index="0">
              <value>
                <![CDATA["The user is able to navigate to all options in stack page"]]>
              </value>
            </param>
            <param index="1">
              <value>
                <![CDATA["Test Array page"]]>
              </value>
            </param>
          </params>
          <reporter-output>
          </reporter-output>
        </test-method> <!-- runScenario -->
        <test-method signature="runScenario(io.cucumber.testng.PickleWrapper,io.cucumber.testng.FeatureWrapper)[pri:0, instance:dsAlgo_TestRunner.TestRunner@335b5620]" started-at="2023-07-06T23:50:29 EDT" name="runScenario" description="Runs Cucumber Scenarios" data-provider="scenarios" finished-at="2023-07-06T23:50:30 EDT" duration-ms="1500" status="PASS">
          <params>
            <param index="0">
              <value>
                <![CDATA["The user is able to navigate to all options in stack page"]]>
              </value>
            </param>
            <param index="1">
              <value>
                <![CDATA["Test Array page"]]>
              </value>
            </param>
          </params>
          <reporter-output>
          </reporter-output>
        </test-method> <!-- runScenario -->
        <test-method signature="runScenario(io.cucumber.testng.PickleWrapper,io.cucumber.testng.FeatureWrapper)[pri:0, instance:dsAlgo_TestRunner.TestRunner@335b5620]" started-at="2023-07-06T23:50:30 EDT" name="runScenario" description="Runs Cucumber Scenarios" data-provider="scenarios" finished-at="2023-07-06T23:50:31 EDT" duration-ms="1466" status="PASS">
          <params>
            <param index="0">
              <value>
                <![CDATA["The user is able to navigate to all options in stack page"]]>
              </value>
            </param>
            <param index="1">
              <value>
                <![CDATA["Test Array page"]]>
              </value>
            </param>
          </params>
          <reporter-output>
          </reporter-output>
        </test-method> <!-- runScenario -->
        <test-method signature="runScenario(io.cucumber.testng.PickleWrapper,io.cucumber.testng.FeatureWrapper)[pri:0, instance:dsAlgo_TestRunner.TestRunner@335b5620]" started-at="2023-07-06T23:50:32 EDT" name="runScenario" description="Runs Cucumber Scenarios" data-provider="scenarios" finished-at="2023-07-06T23:50:33 EDT" duration-ms="1485" status="PASS">
          <params>
            <param index="0">
              <value>
                <![CDATA["The user is able to navigate to all options in stack page"]]>
              </value>
            </param>
            <param index="1">
              <value>
                <![CDATA["Test Array page"]]>
              </value>
            </param>
          </params>
          <reporter-output>
          </reporter-output>
        </test-method> <!-- runScenario -->
        <test-method signature="runScenario(io.cucumber.testng.PickleWrapper,io.cucumber.testng.FeatureWrapper)[pri:0, instance:dsAlgo_TestRunner.TestRunner@335b5620]" started-at="2023-07-06T23:50:33 EDT" name="runScenario" description="Runs Cucumber Scenarios" data-provider="scenarios" finished-at="2023-07-06T23:50:37 EDT" duration-ms="3972" status="PASS">
          <params>
            <param index="0">
              <value>
                <![CDATA["The user is able run code in tryEditor"]]>
              </value>
            </param>
            <param index="1">
              <value>
                <![CDATA["Test Array page"]]>
              </value>
            </param>
          </params>
          <reporter-output>
          </reporter-output>
        </test-method> <!-- runScenario -->
        <test-method signature="runScenario(io.cucumber.testng.PickleWrapper,io.cucumber.testng.FeatureWrapper)[pri:0, instance:dsAlgo_TestRunner.TestRunner@335b5620]" started-at="2023-07-06T23:50:37 EDT" name="runScenario" description="Runs Cucumber Scenarios" data-provider="scenarios" finished-at="2023-07-06T23:50:41 EDT" duration-ms="4052" status="PASS">
          <params>
            <param index="0">
              <value>
                <![CDATA["The user is able run code in tryEditor"]]>
              </value>
            </param>
            <param index="1">
              <value>
                <![CDATA["Test Array page"]]>
              </value>
            </param>
          </params>
          <reporter-output>
          </reporter-output>
        </test-method> <!-- runScenario -->
        <test-method signature="runScenario(io.cucumber.testng.PickleWrapper,io.cucumber.testng.FeatureWrapper)[pri:0, instance:dsAlgo_TestRunner.TestRunner@335b5620]" started-at="2023-07-06T23:50:41 EDT" name="runScenario" description="Runs Cucumber Scenarios" data-provider="scenarios" finished-at="2023-07-06T23:50:45 EDT" duration-ms="4434" status="PASS">
          <params>
            <param index="0">
              <value>
                <![CDATA["The user is able run code in tryEditor"]]>
              </value>
            </param>
            <param index="1">
              <value>
                <![CDATA["Test Array page"]]>
              </value>
            </param>
          </params>
          <reporter-output>
          </reporter-output>
        </test-method> <!-- runScenario -->
        <test-method signature="runScenario(io.cucumber.testng.PickleWrapper,io.cucumber.testng.FeatureWrapper)[pri:0, instance:dsAlgo_TestRunner.TestRunner@335b5620]" started-at="2023-07-06T23:50:46 EDT" name="runScenario" description="Runs Cucumber Scenarios" data-provider="scenarios" finished-at="2023-07-06T23:50:51 EDT" duration-ms="5000" status="PASS">
          <params>
            <param index="0">
              <value>
                <![CDATA["The user is able run code in tryEditor"]]>
              </value>
            </param>
            <param index="1">
              <value>
                <![CDATA["Test Array page"]]>
              </value>
            </param>
          </params>
          <reporter-output>
          </reporter-output>
        </test-method> <!-- runScenario -->
        <test-method signature="runScenario(io.cucumber.testng.PickleWrapper,io.cucumber.testng.FeatureWrapper)[pri:0, instance:dsAlgo_TestRunner.TestRunner@335b5620]" started-at="2023-07-06T23:50:51 EDT" name="runScenario" description="Runs Cucumber Scenarios" data-provider="scenarios" finished-at="2023-07-06T23:50:54 EDT" duration-ms="3482" status="PASS">
          <params>
            <param index="0">
              <value>
                <![CDATA["The user is able run code in tryEditor"]]>
              </value>
            </param>
            <param index="1">
              <value>
                <![CDATA["Test Array page"]]>
              </value>
            </param>
          </params>
          <reporter-output>
          </reporter-output>
        </test-method> <!-- runScenario -->
        <test-method signature="runScenario(io.cucumber.testng.PickleWrapper,io.cucumber.testng.FeatureWrapper)[pri:0, instance:dsAlgo_TestRunner.TestRunner@335b5620]" started-at="2023-07-06T23:50:54 EDT" name="runScenario" description="Runs Cucumber Scenarios" data-provider="scenarios" finished-at="2023-07-06T23:50:57 EDT" duration-ms="3293" status="PASS">
          <params>
            <param index="0">
              <value>
                <![CDATA["The user is able run code in tryEditor"]]>
              </value>
            </param>
            <param index="1">
              <value>
                <![CDATA["Test Array page"]]>
              </value>
            </param>
          </params>
          <reporter-output>
          </reporter-output>
        </test-method> <!-- runScenario -->
        <test-method signature="runScenario(io.cucumber.testng.PickleWrapper,io.cucumber.testng.FeatureWrapper)[pri:0, instance:dsAlgo_TestRunner.TestRunner@335b5620]" started-at="2023-07-06T23:50:57 EDT" name="runScenario" description="Runs Cucumber Scenarios" data-provider="scenarios" finished-at="2023-07-06T23:51:02 EDT" duration-ms="4583" status="PASS">
          <params>
            <param index="0">
              <value>
                <![CDATA["The user is able run code in tryEditor"]]>
              </value>
            </param>
            <param index="1">
              <value>
                <![CDATA["Test Array page"]]>
              </value>
            </param>
          </params>
          <reporter-output>
          </reporter-output>
        </test-method> <!-- runScenario -->
        <test-method signature="runScenario(io.cucumber.testng.PickleWrapper,io.cucumber.testng.FeatureWrapper)[pri:0, instance:dsAlgo_TestRunner.TestRunner@335b5620]" started-at="2023-07-06T23:51:02 EDT" name="runScenario" description="Runs Cucumber Scenarios" data-provider="scenarios" finished-at="2023-07-06T23:51:07 EDT" duration-ms="4670" status="PASS">
          <params>
            <param index="0">
              <value>
                <![CDATA["The user is able run code in tryEditor"]]>
              </value>
            </param>
            <param index="1">
              <value>
                <![CDATA["Test Array page"]]>
              </value>
            </param>
          </params>
          <reporter-output>
          </reporter-output>
        </test-method> <!-- runScenario -->
        <test-method signature="runScenario(io.cucumber.testng.PickleWrapper,io.cucumber.testng.FeatureWrapper)[pri:0, instance:dsAlgo_TestRunner.TestRunner@335b5620]" started-at="2023-07-06T23:51:07 EDT" name="runScenario" description="Runs Cucumber Scenarios" data-provider="scenarios" finished-at="2023-07-06T23:51:07 EDT" duration-ms="838" status="PASS">
          <params>
            <param index="0">
              <value>
                <![CDATA["The user is able to navigate to Practice page"]]>
              </value>
            </param>
            <param index="1">
              <value>
                <![CDATA["Test Array page"]]>
              </value>
            </param>
          </params>
          <reporter-output>
          </reporter-output>
        </test-method> <!-- runScenario -->
        <test-method signature="runScenario(io.cucumber.testng.PickleWrapper,io.cucumber.testng.FeatureWrapper)[pri:0, instance:dsAlgo_TestRunner.TestRunner@335b5620]" started-at="2023-07-06T23:51:07 EDT" name="runScenario" description="Runs Cucumber Scenarios" data-provider="scenarios" finished-at="2023-07-06T23:51:11 EDT" duration-ms="3638" status="PASS">
          <params>
            <param index="0">
              <value>
                <![CDATA["The user is able to run code in Practice session of Array in python"]]>
              </value>
            </param>
            <param index="1">
              <value>
                <![CDATA["Test Array page"]]>
              </value>
            </param>
          </params>
          <reporter-output>
          </reporter-output>
        </test-method> <!-- runScenario -->
        <test-method signature="runScenario(io.cucumber.testng.PickleWrapper,io.cucumber.testng.FeatureWrapper)[pri:0, instance:dsAlgo_TestRunner.TestRunner@335b5620]" started-at="2023-07-06T23:51:11 EDT" name="runScenario" description="Runs Cucumber Scenarios" data-provider="scenarios" finished-at="2023-07-06T23:51:14 EDT" duration-ms="3036" status="PASS">
          <params>
            <param index="0">
              <value>
                <![CDATA["The user is able to run code in Practice session of Array in python"]]>
              </value>
            </param>
            <param index="1">
              <value>
                <![CDATA["Test Array page"]]>
              </value>
            </param>
          </params>
          <reporter-output>
          </reporter-output>
        </test-method> <!-- runScenario -->
        <test-method signature="runScenario(io.cucumber.testng.PickleWrapper,io.cucumber.testng.FeatureWrapper)[pri:0, instance:dsAlgo_TestRunner.TestRunner@335b5620]" started-at="2023-07-06T23:51:14 EDT" name="runScenario" description="Runs Cucumber Scenarios" data-provider="scenarios" finished-at="2023-07-06T23:51:18 EDT" duration-ms="3392" status="PASS">
          <params>
            <param index="0">
              <value>
                <![CDATA["The user is able to run code in Practice session of Array in python"]]>
              </value>
            </param>
            <param index="1">
              <value>
                <![CDATA["Test Array page"]]>
              </value>
            </param>
          </params>
          <reporter-output>
          </reporter-output>
        </test-method> <!-- runScenario -->
        <test-method signature="runScenario(io.cucumber.testng.PickleWrapper,io.cucumber.testng.FeatureWrapper)[pri:0, instance:dsAlgo_TestRunner.TestRunner@335b5620]" started-at="2023-07-06T23:51:18 EDT" name="runScenario" description="Runs Cucumber Scenarios" data-provider="scenarios" finished-at="2023-07-06T23:51:21 EDT" duration-ms="3396" status="PASS">
          <params>
            <param index="0">
              <value>
                <![CDATA["The user is able to run code in Practice session of Array in python"]]>
              </value>
            </param>
            <param index="1">
              <value>
                <![CDATA["Test Array page"]]>
              </value>
            </param>
          </params>
          <reporter-output>
          </reporter-output>
        </test-method> <!-- runScenario -->
        <test-method signature="runScenario(io.cucumber.testng.PickleWrapper,io.cucumber.testng.FeatureWrapper)[pri:0, instance:dsAlgo_TestRunner.TestRunner@335b5620]" started-at="2023-07-06T23:51:21 EDT" name="runScenario" description="Runs Cucumber Scenarios" data-provider="scenarios" finished-at="2023-07-06T23:51:24 EDT" duration-ms="3262" status="PASS">
          <params>
            <param index="0">
              <value>
                <![CDATA["The user is able to run code in tryEditor for Practice session of Array in python"]]>
              </value>
            </param>
            <param index="1">
              <value>
                <![CDATA["Test Array page"]]>
              </value>
            </param>
          </params>
          <reporter-output>
          </reporter-output>
        </test-method> <!-- runScenario -->
        <test-method signature="runScenario(io.cucumber.testng.PickleWrapper,io.cucumber.testng.FeatureWrapper)[pri:0, instance:dsAlgo_TestRunner.TestRunner@335b5620]" started-at="2023-07-06T23:51:24 EDT" name="runScenario" description="Runs Cucumber Scenarios" data-provider="scenarios" finished-at="2023-07-06T23:51:43 EDT" duration-ms="18299" status="PASS">
          <params>
            <param index="0">
              <value>
                <![CDATA["The user is able to run code in tryEditor for Practice session of Array in python"]]>
              </value>
            </param>
            <param index="1">
              <value>
                <![CDATA["Test Array page"]]>
              </value>
            </param>
          </params>
          <reporter-output>
          </reporter-output>
        </test-method> <!-- runScenario -->
        <test-method signature="runScenario(io.cucumber.testng.PickleWrapper,io.cucumber.testng.FeatureWrapper)[pri:0, instance:dsAlgo_TestRunner.TestRunner@335b5620]" started-at="2023-07-06T23:51:43 EDT" name="runScenario" description="Runs Cucumber Scenarios" data-provider="scenarios" finished-at="2023-07-06T23:52:02 EDT" duration-ms="19497" status="PASS">
          <params>
            <param index="0">
              <value>
                <![CDATA["The user is able to run code in tryEditor for Practice session of Array in python"]]>
              </value>
            </param>
            <param index="1">
              <value>
                <![CDATA["Test Array page"]]>
              </value>
            </param>
          </params>
          <reporter-output>
          </reporter-output>
        </test-method> <!-- runScenario -->
        <test-method signature="runScenario(io.cucumber.testng.PickleWrapper,io.cucumber.testng.FeatureWrapper)[pri:0, instance:dsAlgo_TestRunner.TestRunner@335b5620]" started-at="2023-07-06T23:52:02 EDT" name="runScenario" description="Runs Cucumber Scenarios" data-provider="scenarios" finished-at="2023-07-06T23:52:18 EDT" duration-ms="16138" status="PASS">
          <params>
            <param index="0">
              <value>
                <![CDATA["The user is able to run code in tryEditor for Practice session of Array in python"]]>
              </value>
            </param>
            <param index="1">
              <value>
                <![CDATA["Test Array page"]]>
              </value>
            </param>
          </params>
          <reporter-output>
          </reporter-output>
        </test-method> <!-- runScenario -->
        <test-method signature="runScenario(io.cucumber.testng.PickleWrapper,io.cucumber.testng.FeatureWrapper)[pri:0, instance:dsAlgo_TestRunner.TestRunner@335b5620]" started-at="2023-07-06T23:52:18 EDT" name="runScenario" description="Runs Cucumber Scenarios" data-provider="scenarios" finished-at="2023-07-06T23:52:33 EDT" duration-ms="14220" status="PASS">
          <params>
            <param index="0">
              <value>
                <![CDATA["The user is able to run invald code in tryEditor for Practice session of Array in python"]]>
              </value>
            </param>
            <param index="1">
              <value>
                <![CDATA["Test Array page"]]>
              </value>
            </param>
          </params>
          <reporter-output>
          </reporter-output>
        </test-method> <!-- runScenario -->
        <test-method signature="runScenario(io.cucumber.testng.PickleWrapper,io.cucumber.testng.FeatureWrapper)[pri:0, instance:dsAlgo_TestRunner.TestRunner@335b5620]" started-at="2023-07-06T23:52:33 EDT" name="runScenario" description="Runs Cucumber Scenarios" data-provider="scenarios" finished-at="2023-07-06T23:52:47 EDT" duration-ms="14576" status="PASS">
          <params>
            <param index="0">
              <value>
                <![CDATA["The user is able to run invald code in tryEditor for Practice session of Array in python"]]>
              </value>
            </param>
            <param index="1">
              <value>
                <![CDATA["Test Array page"]]>
              </value>
            </param>
          </params>
          <reporter-output>
          </reporter-output>
        </test-method> <!-- runScenario -->
        <test-method signature="runScenario(io.cucumber.testng.PickleWrapper,io.cucumber.testng.FeatureWrapper)[pri:0, instance:dsAlgo_TestRunner.TestRunner@335b5620]" started-at="2023-07-06T23:52:47 EDT" name="runScenario" description="Runs Cucumber Scenarios" data-provider="scenarios" finished-at="2023-07-06T23:53:00 EDT" duration-ms="13169" status="PASS">
          <params>
            <param index="0">
              <value>
                <![CDATA["The user is able to run invald code in tryEditor for Practice session of Array in python"]]>
              </value>
            </param>
            <param index="1">
              <value>
                <![CDATA["Test Array page"]]>
              </value>
            </param>
          </params>
          <reporter-output>
          </reporter-output>
        </test-method> <!-- runScenario -->
        <test-method signature="runScenario(io.cucumber.testng.PickleWrapper,io.cucumber.testng.FeatureWrapper)[pri:0, instance:dsAlgo_TestRunner.TestRunner@335b5620]" started-at="2023-07-06T23:53:01 EDT" name="runScenario" description="Runs Cucumber Scenarios" data-provider="scenarios" finished-at="2023-07-06T23:53:17 EDT" duration-ms="16071" status="PASS">
          <params>
            <param index="0">
              <value>
                <![CDATA["The user is able to run invald code in tryEditor for Practice session of Array in python"]]>
              </value>
            </param>
            <param index="1">
              <value>
                <![CDATA["Test Array page"]]>
              </value>
            </param>
          </params>
          <reporter-output>
          </reporter-output>
        </test-method> <!-- runScenario -->
        <test-method signature="runScenario(io.cucumber.testng.PickleWrapper,io.cucumber.testng.FeatureWrapper)[pri:0, instance:dsAlgo_TestRunner.TestRunner@335b5620]" started-at="2023-07-06T23:53:17 EDT" name="runScenario" description="Runs Cucumber Scenarios" data-provider="scenarios" finished-at="2023-07-06T23:53:20 EDT" duration-ms="3507" status="PASS">
          <params>
            <param index="0">
              <value>
                <![CDATA["User selects the Linked List item and verifies the Page Title"]]>
              </value>
            </param>
            <param index="1">
              <value>
                <![CDATA["user validates the Linked List Page"]]>
              </value>
            </param>
          </params>
          <reporter-output>
          </reporter-output>
        </test-method> <!-- runScenario -->
        <test-method signature="runScenario(io.cucumber.testng.PickleWrapper,io.cucumber.testng.FeatureWrapper)[pri:0, instance:dsAlgo_TestRunner.TestRunner@335b5620]" started-at="2023-07-06T23:53:20 EDT" name="runScenario" description="Runs Cucumber Scenarios" data-provider="scenarios" finished-at="2023-07-06T23:53:29 EDT" duration-ms="8345" status="PASS">
          <params>
            <param index="0">
              <value>
                <![CDATA["User checks each of the topics in Linked List with valid python code"]]>
              </value>
            </param>
            <param index="1">
              <value>
                <![CDATA["user validates the Linked List Page"]]>
              </value>
            </param>
          </params>
          <reporter-output>
          </reporter-output>
        </test-method> <!-- runScenario -->
        <test-method signature="runScenario(io.cucumber.testng.PickleWrapper,io.cucumber.testng.FeatureWrapper)[pri:0, instance:dsAlgo_TestRunner.TestRunner@335b5620]" started-at="2023-07-06T23:53:29 EDT" name="runScenario" description="Runs Cucumber Scenarios" data-provider="scenarios" finished-at="2023-07-06T23:53:36 EDT" duration-ms="7505" status="PASS">
          <params>
            <param index="0">
              <value>
                <![CDATA["User checks each of the topics in Linked List with valid python code"]]>
              </value>
            </param>
            <param index="1">
              <value>
                <![CDATA["user validates the Linked List Page"]]>
              </value>
            </param>
          </params>
          <reporter-output>
          </reporter-output>
        </test-method> <!-- runScenario -->
        <test-method signature="runScenario(io.cucumber.testng.PickleWrapper,io.cucumber.testng.FeatureWrapper)[pri:0, instance:dsAlgo_TestRunner.TestRunner@335b5620]" started-at="2023-07-06T23:53:36 EDT" name="runScenario" description="Runs Cucumber Scenarios" data-provider="scenarios" finished-at="2023-07-06T23:53:45 EDT" duration-ms="8996" status="PASS">
          <params>
            <param index="0">
              <value>
                <![CDATA["User checks each of the topics in Linked List with valid python code"]]>
              </value>
            </param>
            <param index="1">
              <value>
                <![CDATA["user validates the Linked List Page"]]>
              </value>
            </param>
          </params>
          <reporter-output>
          </reporter-output>
        </test-method> <!-- runScenario -->
        <test-method signature="runScenario(io.cucumber.testng.PickleWrapper,io.cucumber.testng.FeatureWrapper)[pri:0, instance:dsAlgo_TestRunner.TestRunner@335b5620]" started-at="2023-07-06T23:53:45 EDT" name="runScenario" description="Runs Cucumber Scenarios" data-provider="scenarios" finished-at="2023-07-06T23:53:53 EDT" duration-ms="7461" status="PASS">
          <params>
            <param index="0">
              <value>
                <![CDATA["User checks each of the topics in Linked List with valid python code"]]>
              </value>
            </param>
            <param index="1">
              <value>
                <![CDATA["user validates the Linked List Page"]]>
              </value>
            </param>
          </params>
          <reporter-output>
          </reporter-output>
        </test-method> <!-- runScenario -->
        <test-method signature="runScenario(io.cucumber.testng.PickleWrapper,io.cucumber.testng.FeatureWrapper)[pri:0, instance:dsAlgo_TestRunner.TestRunner@335b5620]" started-at="2023-07-06T23:53:53 EDT" name="runScenario" description="Runs Cucumber Scenarios" data-provider="scenarios" finished-at="2023-07-06T23:54:01 EDT" duration-ms="7721" status="PASS">
          <params>
            <param index="0">
              <value>
                <![CDATA["User checks each of the topics in Linked List with valid python code"]]>
              </value>
            </param>
            <param index="1">
              <value>
                <![CDATA["user validates the Linked List Page"]]>
              </value>
            </param>
          </params>
          <reporter-output>
          </reporter-output>
        </test-method> <!-- runScenario -->
        <test-method signature="runScenario(io.cucumber.testng.PickleWrapper,io.cucumber.testng.FeatureWrapper)[pri:0, instance:dsAlgo_TestRunner.TestRunner@335b5620]" started-at="2023-07-06T23:54:01 EDT" name="runScenario" description="Runs Cucumber Scenarios" data-provider="scenarios" finished-at="2023-07-06T23:54:07 EDT" duration-ms="6571" status="PASS">
          <params>
            <param index="0">
              <value>
                <![CDATA["User checks each of the topics in Linked List with valid python code"]]>
              </value>
            </param>
            <param index="1">
              <value>
                <![CDATA["user validates the Linked List Page"]]>
              </value>
            </param>
          </params>
          <reporter-output>
          </reporter-output>
        </test-method> <!-- runScenario -->
        <test-method signature="runScenario(io.cucumber.testng.PickleWrapper,io.cucumber.testng.FeatureWrapper)[pri:0, instance:dsAlgo_TestRunner.TestRunner@335b5620]" started-at="2023-07-06T23:54:07 EDT" name="runScenario" description="Runs Cucumber Scenarios" data-provider="scenarios" finished-at="2023-07-06T23:54:14 EDT" duration-ms="7060" status="PASS">
          <params>
            <param index="0">
              <value>
                <![CDATA["User checks each of the topics in Linked List with valid python code"]]>
              </value>
            </param>
            <param index="1">
              <value>
                <![CDATA["user validates the Linked List Page"]]>
              </value>
            </param>
          </params>
          <reporter-output>
          </reporter-output>
        </test-method> <!-- runScenario -->
        <test-method signature="runScenario(io.cucumber.testng.PickleWrapper,io.cucumber.testng.FeatureWrapper)[pri:0, instance:dsAlgo_TestRunner.TestRunner@335b5620]" started-at="2023-07-06T23:54:14 EDT" name="runScenario" description="Runs Cucumber Scenarios" data-provider="scenarios" finished-at="2023-07-06T23:54:20 EDT" duration-ms="6057" status="PASS">
          <params>
            <param index="0">
              <value>
                <![CDATA["User checks each of the topics in Linked List with invalid python code"]]>
              </value>
            </param>
            <param index="1">
              <value>
                <![CDATA["user validates the Linked List Page"]]>
              </value>
            </param>
          </params>
          <reporter-output>
          </reporter-output>
        </test-method> <!-- runScenario -->
        <test-method signature="runScenario(io.cucumber.testng.PickleWrapper,io.cucumber.testng.FeatureWrapper)[pri:0, instance:dsAlgo_TestRunner.TestRunner@335b5620]" started-at="2023-07-06T23:54:20 EDT" name="runScenario" description="Runs Cucumber Scenarios" data-provider="scenarios" finished-at="2023-07-06T23:54:30 EDT" duration-ms="9665" status="PASS">
          <params>
            <param index="0">
              <value>
                <![CDATA["User checks each of the topics in Linked List with invalid python code"]]>
              </value>
            </param>
            <param index="1">
              <value>
                <![CDATA["user validates the Linked List Page"]]>
              </value>
            </param>
          </params>
          <reporter-output>
          </reporter-output>
        </test-method> <!-- runScenario -->
        <test-method signature="runScenario(io.cucumber.testng.PickleWrapper,io.cucumber.testng.FeatureWrapper)[pri:0, instance:dsAlgo_TestRunner.TestRunner@335b5620]" started-at="2023-07-06T23:54:30 EDT" name="runScenario" description="Runs Cucumber Scenarios" data-provider="scenarios" finished-at="2023-07-06T23:54:35 EDT" duration-ms="4267" status="PASS">
          <params>
            <param index="0">
              <value>
                <![CDATA["User checks each of the topics in Linked List with invalid python code"]]>
              </value>
            </param>
            <param index="1">
              <value>
                <![CDATA["user validates the Linked List Page"]]>
              </value>
            </param>
          </params>
          <reporter-output>
          </reporter-output>
        </test-method> <!-- runScenario -->
        <test-method signature="runScenario(io.cucumber.testng.PickleWrapper,io.cucumber.testng.FeatureWrapper)[pri:0, instance:dsAlgo_TestRunner.TestRunner@335b5620]" started-at="2023-07-06T23:54:35 EDT" name="runScenario" description="Runs Cucumber Scenarios" data-provider="scenarios" finished-at="2023-07-06T23:54:43 EDT" duration-ms="8844" status="PASS">
          <params>
            <param index="0">
              <value>
                <![CDATA["User checks each of the topics in Linked List with invalid python code"]]>
              </value>
            </param>
            <param index="1">
              <value>
                <![CDATA["user validates the Linked List Page"]]>
              </value>
            </param>
          </params>
          <reporter-output>
          </reporter-output>
        </test-method> <!-- runScenario -->
        <test-method signature="runScenario(io.cucumber.testng.PickleWrapper,io.cucumber.testng.FeatureWrapper)[pri:0, instance:dsAlgo_TestRunner.TestRunner@335b5620]" started-at="2023-07-06T23:54:44 EDT" name="runScenario" description="Runs Cucumber Scenarios" data-provider="scenarios" finished-at="2023-07-06T23:54:54 EDT" duration-ms="10201" status="PASS">
          <params>
            <param index="0">
              <value>
[...]
          <params>
            <param index="0">
              <value>
                <![CDATA["The user is able tree run code in tryEditor"]]>
              </value>
            </param>
            <param index="1">
              <value>
                <![CDATA["Test Tree Page"]]>
              </value>
            </param>
          </params>
          <reporter-output>
          </reporter-output>
        </test-method> <!-- runScenario -->
        <test-method signature="runScenario(io.cucumber.testng.PickleWrapper,io.cucumber.testng.FeatureWrapper)[pri:0, instance:dsAlgo_TestRunner.TestRunner@335b5620]" started-at="2023-07-07T00:01:08 EDT" name="runScenario" description="Runs Cucumber Scenarios" data-provider="scenarios" finished-at="2023-07-07T00:01:12 EDT" duration-ms="4376" status="PASS">
          <params>
            <param index="0">
              <value>
                <![CDATA["The user is able tree run code in tryEditor"]]>
              </value>
            </param>
            <param index="1">
              <value>
                <![CDATA["Test Tree Page"]]>
              </value>
            </param>
          </params>
          <reporter-output>
          </reporter-output>
        </test-method> <!-- runScenario -->
        <test-method signature="runScenario(io.cucumber.testng.PickleWrapper,io.cucumber.testng.FeatureWrapper)[pri:0, instance:dsAlgo_TestRunner.TestRunner@335b5620]" started-at="2023-07-07T00:01:12 EDT" name="runScenario" description="Runs Cucumber Scenarios" data-provider="scenarios" finished-at="2023-07-07T00:01:16 EDT" duration-ms="4250" status="PASS">
          <params>
            <param index="0">
              <value>
                <![CDATA["The user is able tree run code in tryEditor"]]>
              </value>
            </param>
            <param index="1">
              <value>
                <![CDATA["Test Tree Page"]]>
              </value>
            </param>
          </params>
          <reporter-output>
          </reporter-output>
        </test-method> <!-- runScenario -->
        <test-method signature="runScenario(io.cucumber.testng.PickleWrapper,io.cucumber.testng.FeatureWrapper)[pri:0, instance:dsAlgo_TestRunner.TestRunner@335b5620]" started-at="2023-07-07T00:01:16 EDT" name="runScenario" description="Runs Cucumber Scenarios" data-provider="scenarios" finished-at="2023-07-07T00:01:21 EDT" duration-ms="4683" status="PASS">
          <params>
            <param index="0">
              <value>
                <![CDATA["The user is able tree run code in tryEditor"]]>
              </value>
            </param>
            <param index="1">
              <value>
                <![CDATA["Test Tree Page"]]>
              </value>
            </param>
          </params>
          <reporter-output>
          </reporter-output>
        </test-method> <!-- runScenario -->
        <test-method signature="runScenario(io.cucumber.testng.PickleWrapper,io.cucumber.testng.FeatureWrapper)[pri:0, instance:dsAlgo_TestRunner.TestRunner@335b5620]" started-at="2023-07-07T00:01:21 EDT" name="runScenario" description="Runs Cucumber Scenarios" data-provider="scenarios" finished-at="2023-07-07T00:01:26 EDT" duration-ms="4729" status="PASS">
          <params>
            <param index="0">
              <value>
                <![CDATA["The user is able tree run code in tryEditor"]]>
              </value>
            </param>
            <param index="1">
              <value>
                <![CDATA["Test Tree Page"]]>
              </value>
            </param>
          </params>
          <reporter-output>
          </reporter-output>
        </test-method> <!-- runScenario -->
        <test-method signature="runScenario(io.cucumber.testng.PickleWrapper,io.cucumber.testng.FeatureWrapper)[pri:0, instance:dsAlgo_TestRunner.TestRunner@335b5620]" started-at="2023-07-07T00:01:26 EDT" name="runScenario" description="Runs Cucumber Scenarios" data-provider="scenarios" finished-at="2023-07-07T00:01:29 EDT" duration-ms="3327" status="PASS">
          <params>
            <param index="0">
              <value>
                <![CDATA["The user is able run code in tryEditor"]]>
              </value>
            </param>
            <param index="1">
              <value>
                <![CDATA["Test Tree Page"]]>
              </value>
            </param>
          </params>
          <reporter-output>
          </reporter-output>
        </test-method> <!-- runScenario -->
        <test-method signature="runScenario(io.cucumber.testng.PickleWrapper,io.cucumber.testng.FeatureWrapper)[pri:0, instance:dsAlgo_TestRunner.TestRunner@335b5620]" started-at="2023-07-07T00:01:29 EDT" name="runScenario" description="Runs Cucumber Scenarios" data-provider="scenarios" finished-at="2023-07-07T00:01:33 EDT" duration-ms="3921" status="PASS">
          <params>
            <param index="0">
              <value>
                <![CDATA["The user is able run code in tryEditor"]]>
              </value>
            </param>
            <param index="1">
              <value>
                <![CDATA["Test Tree Page"]]>
              </value>
            </param>
          </params>
          <reporter-output>
          </reporter-output>
        </test-method> <!-- runScenario -->
        <test-method signature="runScenario(io.cucumber.testng.PickleWrapper,io.cucumber.testng.FeatureWrapper)[pri:0, instance:dsAlgo_TestRunner.TestRunner@335b5620]" started-at="2023-07-07T00:01:33 EDT" name="runScenario" description="Runs Cucumber Scenarios" data-provider="scenarios" finished-at="2023-07-07T00:01:37 EDT" duration-ms="3401" status="PASS">
          <params>
            <param index="0">
              <value>
                <![CDATA["The user is able run code in tryEditor"]]>
              </value>
            </param>
            <param index="1">
              <value>
                <![CDATA["Test Tree Page"]]>
              </value>
            </param>
          </params>
          <reporter-output>
          </reporter-output>
        </test-method> <!-- runScenario -->
        <test-method signature="runScenario(io.cucumber.testng.PickleWrapper,io.cucumber.testng.FeatureWrapper)[pri:0, instance:dsAlgo_TestRunner.TestRunner@335b5620]" started-at="2023-07-07T00:01:37 EDT" name="runScenario" description="Runs Cucumber Scenarios" data-provider="scenarios" finished-at="2023-07-07T00:01:41 EDT" duration-ms="4219" status="PASS">
          <params>
            <param index="0">
              <value>
                <![CDATA["The user is able run code in tryEditor"]]>
              </value>
            </param>
            <param index="1">
              <value>
                <![CDATA["Test Tree Page"]]>
              </value>
            </param>
          </params>
          <reporter-output>
          </reporter-output>
        </test-method> <!-- runScenario -->
        <test-method signature="runScenario(io.cucumber.testng.PickleWrapper,io.cucumber.testng.FeatureWrapper)[pri:0, instance:dsAlgo_TestRunner.TestRunner@335b5620]" started-at="2023-07-07T00:01:41 EDT" name="runScenario" description="Runs Cucumber Scenarios" data-provider="scenarios" finished-at="2023-07-07T00:01:44 EDT" duration-ms="3655" status="PASS">
          <params>
            <param index="0">
              <value>
                <![CDATA["The user is able run code in tryEditor"]]>
              </value>
            </param>
            <param index="1">
              <value>
                <![CDATA["Test Tree Page"]]>
              </value>
            </param>
          </params>
          <reporter-output>
          </reporter-output>
        </test-method> <!-- runScenario -->
        <test-method signature="runScenario(io.cucumber.testng.PickleWrapper,io.cucumber.testng.FeatureWrapper)[pri:0, instance:dsAlgo_TestRunner.TestRunner@335b5620]" started-at="2023-07-07T00:01:44 EDT" name="runScenario" description="Runs Cucumber Scenarios" data-provider="scenarios" finished-at="2023-07-07T00:01:48 EDT" duration-ms="3739" status="PASS">
          <params>
            <param index="0">
              <value>
                <![CDATA["The user is able run code in tryEditor"]]>
              </value>
            </param>
            <param index="1">
              <value>
                <![CDATA["Test Tree Page"]]>
              </value>
            </param>
          </params>
          <reporter-output>
          </reporter-output>
        </test-method> <!-- runScenario -->
        <test-method signature="runScenario(io.cucumber.testng.PickleWrapper,io.cucumber.testng.FeatureWrapper)[pri:0, instance:dsAlgo_TestRunner.TestRunner@335b5620]" started-at="2023-07-07T00:01:48 EDT" name="runScenario" description="Runs Cucumber Scenarios" data-provider="scenarios" finished-at="2023-07-07T00:01:52 EDT" duration-ms="3578" status="PASS">
          <params>
            <param index="0">
              <value>
                <![CDATA["The user is able run code in tryEditor"]]>
              </value>
            </param>
            <param index="1">
              <value>
                <![CDATA["Test Tree Page"]]>
              </value>
            </param>
          </params>
          <reporter-output>
          </reporter-output>
        </test-method> <!-- runScenario -->
        <test-method signature="runScenario(io.cucumber.testng.PickleWrapper,io.cucumber.testng.FeatureWrapper)[pri:0, instance:dsAlgo_TestRunner.TestRunner@335b5620]" started-at="2023-07-07T00:01:52 EDT" name="runScenario" description="Runs Cucumber Scenarios" data-provider="scenarios" finished-at="2023-07-07T00:01:55 EDT" duration-ms="3160" status="PASS">
          <params>
            <param index="0">
              <value>
                <![CDATA["The user is able run code in tryEditor"]]>
              </value>
            </param>
            <param index="1">
              <value>
                <![CDATA["Test Tree Page"]]>
              </value>
            </param>
          </params>
          <reporter-output>
          </reporter-output>
        </test-method> <!-- runScenario -->
        <test-method signature="runScenario(io.cucumber.testng.PickleWrapper,io.cucumber.testng.FeatureWrapper)[pri:0, instance:dsAlgo_TestRunner.TestRunner@335b5620]" started-at="2023-07-07T00:01:55 EDT" name="runScenario" description="Runs Cucumber Scenarios" data-provider="scenarios" finished-at="2023-07-07T00:01:58 EDT" duration-ms="3426" status="PASS">
          <params>
            <param index="0">
              <value>
                <![CDATA["The user is able run code in tryEditor"]]>
              </value>
            </param>
            <param index="1">
              <value>
                <![CDATA["Test Tree Page"]]>
              </value>
            </param>
          </params>
          <reporter-output>
          </reporter-output>
        </test-method> <!-- runScenario -->
        <test-method signature="runScenario(io.cucumber.testng.PickleWrapper,io.cucumber.testng.FeatureWrapper)[pri:0, instance:dsAlgo_TestRunner.TestRunner@335b5620]" started-at="2023-07-07T00:01:58 EDT" name="runScenario" description="Runs Cucumber Scenarios" data-provider="scenarios" finished-at="2023-07-07T00:02:08 EDT" duration-ms="9495" status="PASS">
          <params>
            <param index="0">
              <value>
                <![CDATA["The user is able run code in tryEditor"]]>
              </value>
            </param>
            <param index="1">
              <value>
                <![CDATA["Test Tree Page"]]>
              </value>
            </param>
          </params>
          <reporter-output>
          </reporter-output>
        </test-method> <!-- runScenario -->
        <test-method signature="runScenario(io.cucumber.testng.PickleWrapper,io.cucumber.testng.FeatureWrapper)[pri:0, instance:dsAlgo_TestRunner.TestRunner@335b5620]" started-at="2023-07-07T00:02:08 EDT" name="runScenario" description="Runs Cucumber Scenarios" data-provider="scenarios" finished-at="2023-07-07T00:02:21 EDT" duration-ms="13454" status="PASS">
          <params>
            <param index="0">
              <value>
                <![CDATA["The user is able run code in tryEditor"]]>
              </value>
            </param>
            <param index="1">
              <value>
                <![CDATA["Test Tree Page"]]>
              </value>
            </param>
          </params>
          <reporter-output>
          </reporter-output>
        </test-method> <!-- runScenario -->
        <test-method signature="runScenario(io.cucumber.testng.PickleWrapper,io.cucumber.testng.FeatureWrapper)[pri:0, instance:dsAlgo_TestRunner.TestRunner@335b5620]" started-at="2023-07-07T00:02:21 EDT" name="runScenario" description="Runs Cucumber Scenarios" data-provider="scenarios" finished-at="2023-07-07T00:02:34 EDT" duration-ms="12196" status="PASS">
          <params>
            <param index="0">
              <value>
                <![CDATA["The user is able run code in tryEditor"]]>
              </value>
            </param>
            <param index="1">
              <value>
                <![CDATA["Test Tree Page"]]>
              </value>
            </param>
          </params>
          <reporter-output>
          </reporter-output>
        </test-method> <!-- runScenario -->
        <test-method signature="runScenario(io.cucumber.testng.PickleWrapper,io.cucumber.testng.FeatureWrapper)[pri:0, instance:dsAlgo_TestRunner.TestRunner@335b5620]" started-at="2023-07-07T00:02:34 EDT" name="runScenario" description="Runs Cucumber Scenarios" data-provider="scenarios" finished-at="2023-07-07T00:02:48 EDT" duration-ms="13778" status="PASS">
          <params>
            <param index="0">
              <value>
                <![CDATA["The user is able run code in tryEditor"]]>
              </value>
            </param>
            <param index="1">
              <value>
                <![CDATA["Test Tree Page"]]>
              </value>
            </param>
          </params>
          <reporter-output>
          </reporter-output>
        </test-method> <!-- runScenario -->
        <test-method signature="runScenario(io.cucumber.testng.PickleWrapper,io.cucumber.testng.FeatureWrapper)[pri:0, instance:dsAlgo_TestRunner.TestRunner@335b5620]" started-at="2023-07-07T00:02:48 EDT" name="runScenario" description="Runs Cucumber Scenarios" data-provider="scenarios" finished-at="2023-07-07T00:02:51 EDT" duration-ms="3599" status="PASS">
          <params>
            <param index="0">
              <value>
                <![CDATA["The user is able to navigate to Practice page"]]>
              </value>
            </param>
            <param index="1">
              <value>
                <![CDATA["Test Tree Page"]]>
              </value>
            </param>
          </params>
          <reporter-output>
          </reporter-output>
        </test-method> <!-- runScenario -->
        <test-method signature="runScenario(io.cucumber.testng.PickleWrapper,io.cucumber.testng.FeatureWrapper)[pri:0, instance:dsAlgo_TestRunner.TestRunner@335b5620]" started-at="2023-07-07T00:02:51 EDT" name="runScenario" description="Runs Cucumber Scenarios" data-provider="scenarios" finished-at="2023-07-07T00:02:54 EDT" duration-ms="3250" status="PASS">
          <params>
            <param index="0">
              <value>
                <![CDATA["User selects the Graph item and verifies the Page Title"]]>
              </value>
            </param>
            <param index="1">
              <value>
                <![CDATA["user validates the Linked List Page"]]>
              </value>
            </param>
          </params>
          <reporter-output>
          </reporter-output>
        </test-method> <!-- runScenario -->
        <test-method signature="runScenario(io.cucumber.testng.PickleWrapper,io.cucumber.testng.FeatureWrapper)[pri:0, instance:dsAlgo_TestRunner.TestRunner@335b5620]" started-at="2023-07-07T00:02:54 EDT" name="runScenario" description="Runs Cucumber Scenarios" data-provider="scenarios" finished-at="2023-07-07T00:03:01 EDT" duration-ms="6553" status="PASS">
          <params>
            <param index="0">
              <value>
                <![CDATA["User checks each of the topics in Graph with valid python code"]]>
              </value>
            </param>
            <param index="1">
              <value>
                <![CDATA["user validates the Linked List Page"]]>
              </value>
            </param>
          </params>
          <reporter-output>
          </reporter-output>
        </test-method> <!-- runScenario -->
        <test-method signature="runScenario(io.cucumber.testng.PickleWrapper,io.cucumber.testng.FeatureWrapper)[pri:0, instance:dsAlgo_TestRunner.TestRunner@335b5620]" started-at="2023-07-07T00:03:01 EDT" name="runScenario" description="Runs Cucumber Scenarios" data-provider="scenarios" finished-at="2023-07-07T00:03:08 EDT" duration-ms="7073" status="PASS">
          <params>
            <param index="0">
              <value>
                <![CDATA["User checks each of the topics in Graph with valid python code"]]>
              </value>
            </param>
            <param index="1">
              <value>
                <![CDATA["user validates the Linked List Page"]]>
              </value>
            </param>
          </params>
          <reporter-output>
          </reporter-output>
        </test-method> <!-- runScenario -->
        <test-method signature="runScenario(io.cucumber.testng.PickleWrapper,io.cucumber.testng.FeatureWrapper)[pri:0, instance:dsAlgo_TestRunner.TestRunner@335b5620]" started-at="2023-07-07T00:03:08 EDT" name="runScenario" description="Runs Cucumber Scenarios" data-provider="scenarios" finished-at="2023-07-07T00:03:13 EDT" duration-ms="5260" status="PASS">
          <params>
            <param index="0">
              <value>
                <![CDATA["User checks each of the topics in Graph with invalid python code"]]>
              </value>
            </param>
            <param index="1">
              <value>
                <![CDATA["user validates the Linked List Page"]]>
              </value>
            </param>
          </params>
          <reporter-output>
          </reporter-output>
        </test-method> <!-- runScenario -->
        <test-method signature="runScenario(io.cucumber.testng.PickleWrapper,io.cucumber.testng.FeatureWrapper)[pri:0, instance:dsAlgo_TestRunner.TestRunner@335b5620]" started-at="2023-07-07T00:03:13 EDT" name="runScenario" description="Runs Cucumber Scenarios" data-provider="scenarios" finished-at="2023-07-07T00:03:20 EDT" duration-ms="6655" status="PASS">
          <params>
            <param index="0">
              <value>
                <![CDATA["User checks each of the topics in Graph with invalid python code"]]>
              </value>
            </param>
            <param index="1">
              <value>
                <![CDATA["user validates the Linked List Page"]]>
              </value>
            </param>
          </params>
          <reporter-output>
          </reporter-output>
        </test-method> <!-- runScenario -->
        <test-method is-config="true" signature="tearDownClass()[pri:0, instance:dsAlgo_TestRunner.TestRunner@335b5620]" started-at="2023-07-07T00:03:20 EDT" name="tearDownClass" finished-at="2023-07-07T00:04:38 EDT" duration-ms="77409" status="PASS">
          <reporter-output>
          </reporter-output>
        </test-method> <!-- tearDownClass -->
      </class> <!-- dsAlgo_TestRunner.TestRunner -->
    </test> <!-- Default test -->
  </suite> <!-- Default suite -->
</testng-results>
